[2018-03-19 17:02:24,615][main][INFO][com.nongyeos.loan.base.application.Application:48] Starting Application on DESKTOP-6OGHQ32 with PID 13204 (started by ThinkPad in D:\Workspaces\MyEclipse Professional 2014\nongloan_web)
[2018-03-19 17:02:24,621][main][INFO][com.nongyeos.loan.base.application.Application:637] No active profile set, falling back to default profiles: default
[2018-03-19 17:02:24,858][main][INFO][org.springframework.boot.context.embedded.AnnotationConfigEmbeddedWebApplicationContext:582] Refreshing org.springframework.boot.context.embedded.AnnotationConfigEmbeddedWebApplicationContext@311c5367: startup date [Mon Mar 19 17:02:24 CST 2018]; root of context hierarchy
[2018-03-19 17:02:24,914][background-preinit][INFO][org.hibernate.validator.internal.util.Version:30] HV000001: Hibernate Validator 5.3.5.Final
[2018-03-19 17:02:25,599][main][INFO][org.springframework.data.repository.config.RepositoryConfigurationDelegate:165] Multiple Spring Data modules found, entering strict repository configuration mode!
[2018-03-19 17:02:26,554][main][INFO][org.springframework.boot.context.embedded.tomcat.TomcatEmbeddedServletContainer:89] Tomcat initialized with port(s): 8085 (http)
[2018-03-19 17:02:26,567][main][INFO][org.apache.catalina.core.StandardService:179] Starting service Tomcat
[2018-03-19 17:02:26,569][main][INFO][org.apache.catalina.core.StandardEngine:179] Starting Servlet Engine: Apache Tomcat/8.5.14
[2018-03-19 17:02:26,681][localhost-startStop-1][INFO][org.apache.catalina.core.ContainerBase.[Tomcat].[localhost].[/]:179] Initializing Spring embedded WebApplicationContext
[2018-03-19 17:02:26,681][localhost-startStop-1][INFO][org.springframework.web.context.ContextLoader:276] Root WebApplicationContext: initialization completed in 1827 ms
[2018-03-19 17:02:27,054][localhost-startStop-1][INFO][org.springframework.boot.web.servlet.ServletRegistrationBean:190] Mapping servlet: 'dispatcherServlet' to [/]
[2018-03-19 17:02:27,058][localhost-startStop-1][INFO][org.springframework.boot.web.servlet.FilterRegistrationBean:258] Mapping filter: 'characterEncodingFilter' to: [/*]
[2018-03-19 17:02:27,058][localhost-startStop-1][INFO][org.springframework.boot.web.servlet.FilterRegistrationBean:258] Mapping filter: 'springSessionRepositoryFilter' to: [/*]
[2018-03-19 17:02:27,059][localhost-startStop-1][INFO][org.springframework.boot.web.servlet.FilterRegistrationBean:258] Mapping filter: 'hiddenHttpMethodFilter' to: [/*]
[2018-03-19 17:02:27,059][localhost-startStop-1][INFO][org.springframework.boot.web.servlet.FilterRegistrationBean:258] Mapping filter: 'httpPutFormContentFilter' to: [/*]
[2018-03-19 17:02:27,059][localhost-startStop-1][INFO][org.springframework.boot.web.servlet.FilterRegistrationBean:258] Mapping filter: 'requestContextFilter' to: [/*]
[2018-03-19 17:02:28,253][main][INFO][org.springframework.web.servlet.mvc.method.annotation.RequestMappingHandlerAdapter:534] Looking for @ControllerAdvice: org.springframework.boot.context.embedded.AnnotationConfigEmbeddedWebApplicationContext@311c5367: startup date [Mon Mar 19 17:02:24 CST 2018]; root of context hierarchy
[2018-03-19 17:02:28,337][main][INFO][org.springframework.web.servlet.mvc.method.annotation.RequestMappingHandlerMapping:543] Mapped "{[/]}" onto public java.lang.String com.nongyeos.loan.admin.controller.LoginController.loginOpen()
[2018-03-19 17:02:28,339][main][INFO][org.springframework.web.servlet.mvc.method.annotation.RequestMappingHandlerMapping:543] Mapped "{[/admin/list]}" onto public java.lang.String com.nongyeos.loan.admin.controller.UserController.list(org.springframework.ui.ModelMap)
[2018-03-19 17:02:28,340][main][INFO][org.springframework.web.servlet.mvc.method.annotation.RequestMappingHandlerMapping:543] Mapped "{[/admin/login],methods=[POST]}" onto public java.util.Map<java.lang.String, java.lang.Object> com.nongyeos.loan.admin.controller.UserController.login(java.lang.String,java.lang.String,javax.servlet.http.HttpSession)
[2018-03-19 17:02:28,340][main][INFO][org.springframework.web.servlet.mvc.method.annotation.RequestMappingHandlerMapping:543] Mapped "{[/admin/main],methods=[GET]}" onto public java.lang.String com.nongyeos.loan.admin.controller.UserController.mainOpen(javax.servlet.http.HttpServletRequest,javax.servlet.http.HttpServletResponse)
[2018-03-19 17:02:28,342][main][INFO][org.springframework.web.servlet.mvc.method.annotation.RequestMappingHandlerMapping:543] Mapped "{[/error]}" onto public org.springframework.http.ResponseEntity<java.util.Map<java.lang.String, java.lang.Object>> org.springframework.boot.autoconfigure.web.BasicErrorController.error(javax.servlet.http.HttpServletRequest)
[2018-03-19 17:02:28,343][main][INFO][org.springframework.web.servlet.mvc.method.annotation.RequestMappingHandlerMapping:543] Mapped "{[/error],produces=[text/html]}" onto public org.springframework.web.servlet.ModelAndView org.springframework.boot.autoconfigure.web.BasicErrorController.errorHtml(javax.servlet.http.HttpServletRequest,javax.servlet.http.HttpServletResponse)
[2018-03-19 17:02:28,399][main][INFO][org.springframework.web.servlet.handler.SimpleUrlHandlerMapping:362] Mapped URL path [/webjars/**] onto handler of type [class org.springframework.web.servlet.resource.ResourceHttpRequestHandler]
[2018-03-19 17:02:28,400][main][INFO][org.springframework.web.servlet.handler.SimpleUrlHandlerMapping:362] Mapped URL path [/**] onto handler of type [class org.springframework.web.servlet.resource.ResourceHttpRequestHandler]
[2018-03-19 17:02:28,481][main][INFO][org.springframework.web.servlet.handler.SimpleUrlHandlerMapping:362] Mapped URL path [/**/favicon.ico] onto handler of type [class org.springframework.web.servlet.resource.ResourceHttpRequestHandler]
[2018-03-19 17:02:29,228][main][INFO][org.springframework.web.servlet.view.freemarker.FreeMarkerConfigurer:127] ClassTemplateLoader for Spring macros added to FreeMarker configuration
[2018-03-19 17:02:29,543][main][INFO][org.springframework.jmx.export.annotation.AnnotationMBeanExporter:431] Registering beans for JMX exposure on startup
[2018-03-19 17:02:29,551][main][INFO][org.springframework.context.support.DefaultLifecycleProcessor:343] Starting beans in phase 2147483647
[2018-03-19 17:02:29,567][main][INFO][org.springframework.scheduling.annotation.ScheduledAnnotationBeanPostProcessor:260] No TaskScheduler/ScheduledExecutorService bean found for scheduled processing
[2018-03-19 17:02:29,581][main][INFO][org.apache.coyote.http11.Http11NioProtocol:179] Initializing ProtocolHandler ["http-nio-8085"]
[2018-03-19 17:02:29,595][main][INFO][org.apache.coyote.http11.Http11NioProtocol:179] Starting ProtocolHandler ["http-nio-8085"]
[2018-03-19 17:02:29,605][main][INFO][org.apache.tomcat.util.net.NioSelectorPool:179] Using a shared selector for servlet write/read
[2018-03-19 17:02:29,637][main][INFO][org.springframework.boot.context.embedded.tomcat.TomcatEmbeddedServletContainer:198] Tomcat started on port(s): 8085 (http)
[2018-03-19 17:02:29,643][main][INFO][com.nongyeos.loan.base.application.Application:57] Started Application in 5.317 seconds (JVM running for 6.167)
